<?xml version="1.0" encoding="UTF-8"?>
<testsuites name="shop" time="1.63" tests="1" failures="0" errors="0">
   <testsuite name="shop" tests="1" failures="0" errors="0" time="1.63" skipped="0" timestamp="21-12-2023T17:18:35" hostname="huynh - huynh.firegroup.local" id="Test Suites/AR BE/shop">
      <properties>
         <property name="deviceName" value=""/>
         <property name="devicePlatform" value=""/>
         <property name="logFolder" value="C:\\Users\\huynh\\git\\AutomationARApi\\Reports\\20231221_171833\\AR BE\\shop\\20231221_171833"/>
         <property name="logFiles" value="C:\\Users\\huynh\\git\\AutomationARApi\\Reports\\20231221_171833\\AR BE\\shop\\20231221_171833\\execution0.log"/>
         <property name="attachments" value=""/>
         <property name="hostName" value="huynh - huynh.firegroup.local"/>
         <property name="hostAddress" value="192.168.59.1"/>
         <property name="os" value="Windows 10 64bit"/>
         <property name="katalonVersion" value="9.1.0.212"/>
      </properties>
      <testcase name="Test Cases/AR BE/Shop Info" time="1.528" classname="Test Cases/AR BE/Shop Info" status="PASSED">
         <system-out><![CDATA[21-12-2023T17:18:35 - [TEST_CASE][PASSED] - Test Cases/AR BE/Shop Info: Test Cases/AR BE/Shop Info

21-12-2023T17:18:35 - [TEST_STEP][PASSED] - response = sendRequest(findTestObject("AR BE/Auth", ["shop":shop])): Send request successfully

21-12-2023T17:18:36 - [MESSAGE][INFO] - HAR: C:\Users\huynh\git\AutomationARApi\Reports\20231221_171833\AR BE\shop\20231221_171833\requests\main\0.har

21-12-2023T17:18:36 - [MESSAGE][PASSED] - Send request successfully

21-12-2023T17:18:36 - [TEST_STEP][PASSED] - parse = new groovy.json.JsonSlurper(): null

21-12-2023T17:18:36 - [TEST_STEP][PASSED] - after_response = parse.parseText(response.getResponseBodyContent()): null

21-12-2023T17:18:36 - [TEST_STEP][PASSED] - authorization = "Bearer " + token: null

21-12-2023T17:18:36 - [TEST_STEP][PASSED] - response = sendRequest(findTestObject("AR BE/Shop Info", ["authorization":authorization])): Send request successfully

21-12-2023T17:18:37 - [MESSAGE][INFO] - HAR: C:\Users\huynh\git\AutomationARApi\Reports\20231221_171833\AR BE\shop\20231221_171833\requests\main\1.har

21-12-2023T17:18:37 - [MESSAGE][PASSED] - Send request successfully

21-12-2023T17:18:37 - [TEST_STEP][PASSED] - after_response = parse.parseText(response.getResponseBodyContent()): null

21-12-2023T17:18:37 - [TEST_STEP][PASSED] - logInfo(shop_name): huynh-ar-newwidget-stag-daily-1002.myshopify.com

21-12-2023T17:18:37 - [MESSAGE][INFO] - huynh-ar-newwidget-stag-daily-1002.myshopify.com

21-12-2023T17:18:37 - [TEST_STEP][PASSED] - verifyResponseStatusCode(response, 200): Verify response status code successfully

21-12-2023T17:18:37 - [MESSAGE][PASSED] - Verify response status code successfully]]></system-out>
         <system-err><![CDATA[]]></system-err>
      </testcase>
      <system-out><![CDATA[21-12-2023T17:18:35 - [TEST_SUITE][PASSED] - shop: Test Cases/AR BE/Shop Info]]></system-out>
      <system-err><![CDATA[]]></system-err>
   </testsuite>
</testsuites>
